<?xml version="1.0" encoding="UTF-8"?>
<!-- Generated by org.testng.reporters.JUnitReportReporter -->
<testsuite hostname="abhay_pande" failures="0" tests="1" name="APIAutomationProject.CrudOperation" time="2.511" errors="0" timestamp="2023-02-02T10:27:53 IST" skipped="0">
  <testcase classname="APIAutomationProject.CrudOperation" name="getRequest" time="2.511"/>
  <system-out/>
</testsuite> <!-- APIAutomationProject.CrudOperation -->
