<?xml version="1.0" encoding="UTF-8"?>
<!-- Generated by org.testng.reporters.JUnitReportReporter -->
<testsuite hostname="abhay_pande" failures="0" tests="1" name="APIAutomationProject.CrudOperations" time="1.044" errors="0" timestamp="2023-01-20T12:14:52 IST" skipped="0">
  <testcase classname="APIAutomationProject.CrudOperations" name="getMethod" time="1.044"/>
  <system-out/>
</testsuite> <!-- APIAutomationProject.CrudOperations -->
