<?xml version="1.0" encoding="UTF-8"?>
<!-- Generated by org.testng.reporters.JUnitReportReporter -->
<testsuite hostname="abhay_pande" failures="0" tests="1" name="APIAutomationProject.PayLoadData" time="1.145" errors="0" timestamp="2023-01-20T10:33:52 IST" skipped="0">
  <testcase classname="APIAutomationProject.PayLoadData" name="createUserWithPayload" time="1.145"/>
  <system-out/>
</testsuite> <!-- APIAutomationProject.PayLoadData -->
