<?xml version="1.0" encoding="UTF-8"?>
<!-- Generated by org.testng.reporters.JUnitReportReporter -->
<testsuite hostname="abhay_pande" failures="0" tests="4" name="APIAutomationProject.PostRequest" time="1.229" errors="0" timestamp="2023-01-12T00:40:06 IST" skipped="0">
  <testcase classname="APIAutomationProject.PostRequest" name="postRequest" time="1.074"/>
  <system-out/>
  <testcase classname="APIAutomationProject.PostRequest" name="getRequest" time="0.069"/>
  <system-out/>
  <testcase classname="APIAutomationProject.PostRequest" name="putRequest" time="0.041"/>
  <system-out/>
  <testcase classname="APIAutomationProject.PostRequest" name="deleteRequst" time="0.045"/>
  <system-out/>
</testsuite> <!-- APIAutomationProject.PostRequest -->
