<?xml version="1.0" encoding="UTF-8"?>
<!-- Generated by org.testng.reporters.JUnitReportReporter -->
<testsuite hostname="abhay_pande" failures="0" tests="1" name="APIAutomationProject.EndToEndTest" time="1.529" errors="0" timestamp="2023-01-20T12:28:43 IST" skipped="0">
  <testcase classname="APIAutomationProject.EndToEndTest" name="endToEndTestCase" time="1.529"/>
  <system-out/>
</testsuite> <!-- APIAutomationProject.EndToEndTest -->
