<?xml version="1.0" encoding="UTF-8"?>
<!-- Generated by org.testng.reporters.JUnitReportReporter -->
<testsuite hostname="abhay_pande" failures="0" tests="4" name="APIAutomationProject.GetMethod" time="1.154" errors="0" timestamp="2023-01-11T12:53:59 IST" skipped="0">
  <testcase classname="APIAutomationProject.GetMethod" name="getMethod" time="1.045"/>
  <system-out/>
  <testcase classname="APIAutomationProject.GetMethod" name="postMethod" time="0.051"/>
  <system-out/>
  <testcase classname="APIAutomationProject.GetMethod" name="getSinglePerson" time="0.026"/>
  <system-out/>
  <testcase classname="APIAutomationProject.GetMethod" name="deletePerson" time="0.032"/>
  <system-out/>
</testsuite> <!-- APIAutomationProject.GetMethod -->
