<?xml version="1.0" encoding="UTF-8"?>
<!-- Generated by org.testng.reporters.JUnitReportReporter -->
<testsuite hostname="abhay_pande" failures="0" tests="1" name="APIAutomationProject.body" time="1.616" errors="0" timestamp="2023-01-20T11:07:55 IST" skipped="0">
  <testcase classname="APIAutomationProject.body" name="getMethod" time="1.616"/>
  <system-out/>
</testsuite> <!-- APIAutomationProject.body -->
