<?xml version="1.0" encoding="UTF-8"?>
<!-- Generated by org.testng.reporters.JUnitReportReporter -->
<testsuite hostname="abhay_pande" failures="0" tests="1" name="crmprotest.LoginPageTest" time="14.652" errors="0" timestamp="2023-02-27T12:08:02 IST" skipped="0">
  <testcase classname="crmprotest.LoginPageTest" name="validateLogoImgTest" time="14.652"/>
  <system-out/>
</testsuite> <!-- crmprotest.LoginPageTest -->
